#
# There is insufficient memory for the Java Runtime Environment to continue.
# Native memory allocation (malloc) failed to allocate 1048576 bytes for AllocateHeap
# Possible reasons:
#   The system is out of physical RAM or swap space
#   The process is running with CompressedOops enabled, and the Java Heap may be blocking the growth of the native heap
# Possible solutions:
#   Reduce memory load on the system
#   Increase physical memory or swap space
#   Check if swap backing store is full
#   Decrease Java heap size (-Xmx/-Xms)
#   Decrease number of Java threads
#   Decrease Java thread stack sizes (-Xss)
#   Set larger code cache with -XX:ReservedCodeCacheSize=
#   JVM is running with Unscaled Compressed Oops mode in which the Java heap is
#     placed in the first 4GB address space. The Java Heap base address is the
#     maximum limit for the native heap growth. Please use -XX:HeapBaseMinAddress
#     to set the Java Heap base and to place the Java Heap above 4GB virtual address.
# This output file may be truncated or incomplete.
#
#  Out of Memory Error (memory/allocation.inline.hpp:61), pid=4876, tid=0x0000000000000ca4
#
# JRE version:  (8.0_202-b49) (build )
# Java VM: OpenJDK 64-Bit Server VM (25.202-b49 mixed mode windows-amd64 compressed oops)
# Failed to write core dump. Minidumps are not enabled by default on client versions of Windows
#

---------------  T H R E A D  ---------------

Current thread (0x00000000014ee000):  JavaThread "Unknown thread" [_thread_in_vm, id=3236, stack(0x0000000002e00000,0x0000000002f00000)]

Stack: [0x0000000002e00000,0x0000000002f00000]
[error occurred during error reporting (printing stack bounds), id 0xc0000005]

Native frames: (J=compiled Java code, j=interpreted, Vv=VM code, C=native code)


---------------  P R O C E S S  ---------------

Java Threads: ( => current thread )

Other Threads:

=>0x00000000014ee000 (exited) JavaThread "Unknown thread" [_thread_in_vm, id=3236, stack(0x0000000002e00000,0x0000000002f00000)]

VM state:not at safepoint (normal execution)

VM Mutex/Monitor currently owned by a thread: None

heap address: 0x00000000a1600000, size: 1514 MB, Compressed Oops mode: 32-bit
Narrow klass base: 0x0000000000000000, Narrow klass shift: 3
Compressed class space size: 1073741824 Address: 0x0000000100000000

Heap:
 PSYoungGen      total 28672K, used 491K [0x00000000e0780000, 0x00000000e2780000, 0x0000000100000000)
  eden space 24576K, 2% used [0x00000000e0780000,0x00000000e07fae20,0x00000000e1f80000)
  from space 4096K, 0% used [0x00000000e2380000,0x00000000e2380000,0x00000000e2780000)
  to   space 4096K, 0% used [0x00000000e1f80000,0x00000000e1f80000,0x00000000e2380000)
 ParOldGen       total 65536K, used 0K [0x00000000a1600000, 0x00000000a5600000, 0x00000000e0780000)
  object space 65536K, 0% used [0x00000000a1600000,0x00000000a1600000,0x00000000a5600000)
 Metaspace       used 777K, capacity 4480K, committed 4480K, reserved 1056768K
  class space    used 74K, capacity 384K, committed 384K, reserved 1048576K

Card table byte_map: [0x00000000123c0000,0x00000000126c0000] byte_map_base: 0x0000000011eb5000

Marking Bits: (ParMarkBitMap*) 0x00000000594a9f30
 Begin Bits: [0x0000000012cc0000, 0x0000000014468000)
 End Bits:   [0x0000000014468000, 0x0000000015c10000)

Polling page: 0x00000000014a0000

CodeCache: size=245760Kb used=328Kb max_used=328Kb free=245431Kb
 bounds [0x0000000003000000, 0x0000000003270000, 0x0000000012000000]
 total_blobs=57 nmethods=0 adapters=38
 compilation: enabled

Compilation events (0 events):
No events

GC Heap History (0 events):
No events

Deoptimization events (0 events):
No events

Classes redefined (0 events):
No events

Internal exceptions (0 events):
No events

Events (10 events):
Event: 0.193 loading class java/lang/Short
Event: 0.194 loading class java/lang/Short done
Event: 0.194 loading class java/lang/Integer
Event: 0.195 loading class java/lang/Integer done
Event: 0.196 loading class java/lang/Long
Event: 0.196 loading class java/lang/Long done
Event: 0.200 loading class java/lang/NullPointerException
Event: 0.200 loading class java/lang/NullPointerException done
Event: 0.200 loading class java/lang/ArithmeticException
Event: 0.200 loading class java/lang/ArithmeticException done


Dynamic libraries:
0x00007ff626870000 - 0x00007ff6268a1000 	E:\Program Files\JetBrains\PhpStorm 2019.1.2\jre64\bin\java.exe
0x00007ff861a50000 - 0x00007ff861c3d000 	C:\Windows\SYSTEM32\ntdll.dll
0x00007ff85f7a0000 - 0x00007ff85f853000 	C:\Windows\System32\KERNEL32.DLL
0x00007ff85e270000 - 0x00007ff85e503000 	C:\Windows\System32\KERNELBASE.dll
0x00007ff85f860000 - 0x00007ff85f903000 	C:\Windows\System32\ADVAPI32.dll
0x00007ff85f020000 - 0x00007ff85f0be000 	C:\Windows\System32\msvcrt.dll
0x00007ff85f360000 - 0x00007ff85f3fe000 	C:\Windows\System32\sechost.dll
0x00007ff85f180000 - 0x00007ff85f2a2000 	C:\Windows\System32\RPCRT4.dll
0x00007ff85f600000 - 0x00007ff85f797000 	C:\Windows\System32\USER32.dll
0x00007ff85e510000 - 0x00007ff85e530000 	C:\Windows\System32\win32u.dll
0x00007ff85f330000 - 0x00007ff85f359000 	C:\Windows\System32\GDI32.dll
0x00007ff85e7a0000 - 0x00007ff85e93a000 	C:\Windows\System32\gdi32full.dll
0x00007ff85e700000 - 0x00007ff85e7a0000 	C:\Windows\System32\msvcp_win.dll
0x00007ff85e600000 - 0x00007ff85e6fa000 	C:\Windows\System32\ucrtbase.dll
0x00007ff84ad00000 - 0x00007ff84af79000 	C:\Windows\WinSxS\amd64_microsoft.windows.common-controls_6595b64144ccf1df_6.0.17763.557_none_05b63f68071e5b9f\COMCTL32.dll
0x00007ff8615d0000 - 0x00007ff8618fc000 	C:\Windows\System32\combase.dll
0x00007ff85ebd0000 - 0x00007ff85ec4e000 	C:\Windows\System32\bcryptPrimitives.dll
0x00007ff85fd90000 - 0x00007ff85fdbe000 	C:\Windows\System32\IMM32.DLL
0x0000000059830000 - 0x0000000059902000 	E:\Program Files\JetBrains\PhpStorm 2019.1.2\jre64\bin\msvcr100.dll
0x0000000058ce0000 - 0x0000000059526000 	E:\Program Files\JetBrains\PhpStorm 2019.1.2\jre64\bin\server\jvm.dll
0x00007ff85f400000 - 0x00007ff85f408000 	C:\Windows\System32\PSAPI.DLL
0x00007ff858d50000 - 0x00007ff858d5a000 	C:\Windows\SYSTEM32\VERSION.dll
0x00007ff85a8c0000 - 0x00007ff85a8e4000 	C:\Windows\SYSTEM32\WINMM.dll
0x00007ff85a890000 - 0x00007ff85a8bd000 	C:\Windows\SYSTEM32\WINMMBASE.dll
0x00007ff85eb80000 - 0x00007ff85ebca000 	C:\Windows\System32\cfgmgr32.dll
0x00007ff85bd90000 - 0x00007ff85bd99000 	C:\Windows\SYSTEM32\WSOCK32.dll
0x00007ff85ec50000 - 0x00007ff85ecbd000 	C:\Windows\System32\WS2_32.dll
0x00007ff85bd10000 - 0x00007ff85bd1f000 	E:\Program Files\JetBrains\PhpStorm 2019.1.2\jre64\bin\verify.dll
0x00007ff857640000 - 0x00007ff857669000 	E:\Program Files\JetBrains\PhpStorm 2019.1.2\jre64\bin\java.dll
0x00007ff852bc0000 - 0x00007ff852bd6000 	E:\Program Files\JetBrains\PhpStorm 2019.1.2\jre64\bin\zip.dll

VM Arguments:
java_command: org.jetbrains.git4idea.http.GitAskPassApp Username for 'https://github.com': 
java_class_path (initial): E:/Program Files/JetBrains/PhpStorm 2019.1.2/plugins/git4idea/lib/git4idea-rt.jar;E:/Program Files/JetBrains/PhpStorm 2019.1.2/lib/xmlrpc-2.0.1.jar;E:/Program Files/JetBrains/PhpStorm 2019.1.2/lib/commons-codec-1.10.jar;E:/Program Files/JetBrains/PhpStorm 2019.1.2/lib/util.jar
Launcher Type: SUN_STANDARD

Environment Variables:
PATH=E:/Program Files/Git/mingw64/libexec/git-core;E:/Program Files/Git/mingw64/libexec/git-core;E:\Program Files\Git\mingw64\bin;E:\Program Files\Git\usr\bin;C:\Users\yaser\bin;C:\Windows\system32;C:\Windows;C:\Windows\System32\Wbem;C:\Windows\System32\WindowsPowerShell\v1.0\;C:\Windows\System32\OpenSSH\;E:\Program Files\AMD\ATI.ACE\Core-Static;e:\composer;E:\wamp64\bin\mysql\mysql5.7.26\bin;E:\xampp\php;E:\xampp6.3.6\php;E:\Program Files\Git\bin;C:\Users\yaser\AppData\Roaming\npm;E:\Program Files\nodejs\;C:\Users\yaser\AppData\Local\Microsoft\WindowsApps;C:\Users\yaser\AppData\Roaming\Composer\vendor\bin;e:\Program Files\JetBrains\PhpStorm 2019.1.2\bin;C:\Users\yaser\AppData\Roaming\npm
USERNAME=yaser
DISPLAY=:0.0
OS=Windows_NT
PROCESSOR_IDENTIFIER=Intel64 Family 6 Model 42 Stepping 7, GenuineIntel



---------------  S Y S T E M  ---------------

OS: Windows 10.0 , 64 bit Build 17763 (10.0.17763.475)

CPU:total 4 (initial active 4) (2 cores per cpu, 2 threads per core) family 6 model 42 stepping 7, cmov, cx8, fxsr, mmx, sse, sse2, sse3, ssse3, sse4.1, sse4.2, popcnt, avx, clmul, ht, tsc, tscinvbit

Memory: 4k page, physical 6197124k(1479640k free), swap 6424452k(6032k free)

vm_info: OpenJDK 64-Bit Server VM (25.202-b49) for windows-amd64 JRE (1.8.0_202-release-1483-b49), built on Apr 10 2019 16:54:32 by "builduser" with MS VC++ 10.0 (VS2010)

time: Tue Sep 24 12:22:13 2019
timezone: «·”⁄ÊœÌ… - «· ÊﬁÌ  «·—”„Ì
elapsed time: 0 seconds (0d 0h 0m 0s)

