#
# There is insufficient memory for the Java Runtime Environment to continue.
# Native memory allocation (malloc) failed to allocate 32744 bytes for ChunkPool::allocate
# Possible reasons:
#   The system is out of physical RAM or swap space
#   The process is running with CompressedOops enabled, and the Java Heap may be blocking the growth of the native heap
# Possible solutions:
#   Reduce memory load on the system
#   Increase physical memory or swap space
#   Check if swap backing store is full
#   Decrease Java heap size (-Xmx/-Xms)
#   Decrease number of Java threads
#   Decrease Java thread stack sizes (-Xss)
#   Set larger code cache with -XX:ReservedCodeCacheSize=
#   JVM is running with Unscaled Compressed Oops mode in which the Java heap is
#     placed in the first 4GB address space. The Java Heap base address is the
#     maximum limit for the native heap growth. Please use -XX:HeapBaseMinAddress
#     to set the Java Heap base and to place the Java Heap above 4GB virtual address.
# This output file may be truncated or incomplete.
#
#  Out of Memory Error (allocation.cpp:272), pid=8384, tid=0x0000000000002618
#
# JRE version: OpenJDK Runtime Environment (8.0_202-b49) (build 1.8.0_202-release-1483-b49)
# Java VM: OpenJDK 64-Bit Server VM (25.202-b49 mixed mode windows-amd64 compressed oops)
# Failed to write core dump. Minidumps are not enabled by default on client versions of Windows
#

---------------  T H R E A D  ---------------

Current thread (0x0000000015efa000):  JavaThread "C2 CompilerThread0" daemon [_thread_in_vm, id=9752, stack(0x0000000017540000,0x0000000017640000)]

Stack: [0x0000000017540000,0x0000000017640000]
[error occurred during error reporting (printing stack bounds), id 0xc0000005]

Native frames: (J=compiled Java code, j=interpreted, Vv=VM code, C=native code)


---------------  P R O C E S S  ---------------

Java Threads: ( => current thread )
  0x0000000017659800 JavaThread "C1 CompilerThread2" daemon [_thread_in_vm, id=9968, stack(0x0000000017f40000,0x0000000018040000)]
  0x0000000015efd000 JavaThread "C2 CompilerThread1" daemon [_thread_blocked, id=4392, stack(0x0000000017e40000,0x0000000017f40000)]
=>0x0000000015efa000 JavaThread "C2 CompilerThread0" daemon [_thread_in_vm, id=9752, stack(0x0000000017540000,0x0000000017640000)]
  0x0000000015ef8800 JavaThread "Attach Listener" daemon [_thread_blocked, id=4988, stack(0x0000000017440000,0x0000000017540000)]
  0x0000000015ef6800 JavaThread "Signal Dispatcher" daemon [_thread_blocked, id=5624, stack(0x0000000017340000,0x0000000017440000)]
  0x000000000263e000 JavaThread "Finalizer" daemon [_thread_blocked, id=8720, stack(0x0000000017140000,0x0000000017240000)]
  0x0000000002633800 JavaThread "Reference Handler" daemon [_thread_blocked, id=2576, stack(0x0000000017040000,0x0000000017140000)]
  0x000000000253e000 JavaThread "main" [_thread_in_vm, id=4620, stack(0x00000000023c0000,0x00000000024c0000)]

Other Threads:
  0x0000000015eb6000 VMThread [stack: 0x0000000016f40000,0x0000000017040000] [id=5920]

VM state:not at safepoint (normal execution)

VM Mutex/Monitor currently owned by a thread: None

heap address: 0x00000000a1600000, size: 1514 MB, Compressed Oops mode: 32-bit
Narrow klass base: 0x0000000000000000, Narrow klass shift: 3
Compressed class space size: 1073741824 Address: 0x0000000100000000

Heap:
 PSYoungGen      total 28672K, used 491K [0x00000000e0780000, 0x00000000e2780000, 0x0000000100000000)
  eden space 24576K, 2% used [0x00000000e0780000,0x00000000e07fae20,0x00000000e1f80000)
  from space 4096K, 0% used [0x00000000e2380000,0x00000000e2380000,0x00000000e2780000)
  to   space 4096K, 0% used [0x00000000e1f80000,0x00000000e1f80000,0x00000000e2380000)
 ParOldGen       total 65536K, used 0K [0x00000000a1600000, 0x00000000a5600000, 0x00000000e0780000)
  object space 65536K, 0% used [0x00000000a1600000,0x00000000a1600000,0x00000000a5600000)
 Metaspace       used 2197K, capacity 4480K, committed 4480K, reserved 1056768K
  class space    used 231K, capacity 384K, committed 384K, reserved 1048576K

Card table byte_map: [0x0000000011a00000,0x0000000011d00000] byte_map_base: 0x00000000114f5000

Marking Bits: (ParMarkBitMap*) 0x000000005ee29f30
 Begin Bits: [0x0000000012300000, 0x0000000013aa8000)
 End Bits:   [0x0000000013aa8000, 0x0000000015250000)

Polling page: 0x00000000003f0000

CodeCache: size=245760Kb used=436Kb max_used=436Kb free=245323Kb
 bounds [0x0000000002640000, 0x00000000028b0000, 0x0000000011640000]
 total_blobs=163 nmethods=0 adapters=129
 compilation: enabled

Compilation events (0 events):
No events

GC Heap History (0 events):
No events

Deoptimization events (0 events):
No events

Classes redefined (0 events):
No events

Internal exceptions (2 events):
Event: 0.057 Thread 0x000000000253e000 Exception <a 'java/lang/NoSuchMethodError': Method sun.misc.Unsafe.defineClass(Ljava/lang/String;[BII)Ljava/lang/Class; name or signature does not match> (0x00000000e0787cb0) thrown at [C:\BuildAgent\work\d169a5271ee8d3d2\hotspot\src\share\vm\prims\jni.cp
Event: 0.058 Thread 0x000000000253e000 Exception <a 'java/lang/NoSuchMethodError': Method sun.misc.Unsafe.prefetchRead(Ljava/lang/Object;J)V name or signature does not match> (0x00000000e0787f98) thrown at [C:\BuildAgent\work\d169a5271ee8d3d2\hotspot\src\share\vm\prims\jni.cpp, line 4012]

Events (10 events):
Event: 0.447 loading class sun/net/www/protocol/jar/Handler
Event: 0.447 loading class sun/net/www/protocol/jar/Handler done
Event: 0.450 loading class sun/misc/Launcher$AppClassLoader$1
Event: 0.451 loading class sun/misc/Launcher$AppClassLoader$1 done
Event: 0.481 loading class java/lang/SystemClassLoaderAction
Event: 0.481 loading class java/lang/SystemClassLoaderAction done
Event: 0.482 Thread 0x0000000015ef6800 Thread added: 0x0000000015ef6800
Event: 0.482 Thread 0x0000000015ef8800 Thread added: 0x0000000015ef8800
Event: 0.483 Thread 0x0000000015efa000 Thread added: 0x0000000015efa000
Event: 0.484 Thread 0x0000000015efd000 Thread added: 0x0000000015efd000


Dynamic libraries:
0x00007ff74e8b0000 - 0x00007ff74e8e1000 	E:\Program Files\JetBrains\PhpStorm 2019.1.2\jre64\bin\java.exe
0x00007ffd1c0c0000 - 0x00007ffd1c2ad000 	C:\Windows\SYSTEM32\ntdll.dll
0x00007ffd1aa10000 - 0x00007ffd1aac3000 	C:\Windows\System32\KERNEL32.DLL
0x00007ffd18230000 - 0x00007ffd184c3000 	C:\Windows\System32\KERNELBASE.dll
0x00007ffd1ad80000 - 0x00007ffd1ae23000 	C:\Windows\System32\ADVAPI32.dll
0x00007ffd1ace0000 - 0x00007ffd1ad7e000 	C:\Windows\System32\msvcrt.dll
0x00007ffd19320000 - 0x00007ffd193be000 	C:\Windows\System32\sechost.dll
0x00007ffd1b210000 - 0x00007ffd1b332000 	C:\Windows\System32\RPCRT4.dll
0x00007ffd1b930000 - 0x00007ffd1bac7000 	C:\Windows\System32\USER32.dll
0x00007ffd18760000 - 0x00007ffd18780000 	C:\Windows\System32\win32u.dll
0x00007ffd1bb50000 - 0x00007ffd1bb79000 	C:\Windows\System32\GDI32.dll
0x00007ffd19120000 - 0x00007ffd192ba000 	C:\Windows\System32\gdi32full.dll
0x00007ffd188d0000 - 0x00007ffd18970000 	C:\Windows\System32\msvcp_win.dll
0x00007ffd18780000 - 0x00007ffd1887a000 	C:\Windows\System32\ucrtbase.dll
0x00007ffd044e0000 - 0x00007ffd04759000 	C:\Windows\WinSxS\amd64_microsoft.windows.common-controls_6595b64144ccf1df_6.0.17763.557_none_05b63f68071e5b9f\COMCTL32.dll
0x00007ffd1bb80000 - 0x00007ffd1beac000 	C:\Windows\System32\combase.dll
0x00007ffd18160000 - 0x00007ffd181de000 	C:\Windows\System32\bcryptPrimitives.dll
0x00007ffd1ae50000 - 0x00007ffd1ae7e000 	C:\Windows\System32\IMM32.DLL
0x000000005f1b0000 - 0x000000005f282000 	E:\Program Files\JetBrains\PhpStorm 2019.1.2\jre64\bin\msvcr100.dll
0x000000005e660000 - 0x000000005eea6000 	E:\Program Files\JetBrains\PhpStorm 2019.1.2\jre64\bin\server\jvm.dll
0x00007ffd1ae40000 - 0x00007ffd1ae48000 	C:\Windows\System32\PSAPI.DLL
0x00007ffd14f30000 - 0x00007ffd14f54000 	C:\Windows\SYSTEM32\WINMM.dll
0x00007ffd133b0000 - 0x00007ffd133ba000 	C:\Windows\SYSTEM32\VERSION.dll
0x00007ffd14f60000 - 0x00007ffd14f69000 	C:\Windows\SYSTEM32\WSOCK32.dll
0x00007ffd1bf10000 - 0x00007ffd1bf7d000 	C:\Windows\System32\WS2_32.dll
0x00007ffd14f00000 - 0x00007ffd14f2d000 	C:\Windows\SYSTEM32\winmmbase.dll
0x00007ffd18880000 - 0x00007ffd188ca000 	C:\Windows\System32\cfgmgr32.dll
0x00007ffd10fb0000 - 0x00007ffd10fbf000 	E:\Program Files\JetBrains\PhpStorm 2019.1.2\jre64\bin\verify.dll
0x00007ffd0cd30000 - 0x00007ffd0cd59000 	E:\Program Files\JetBrains\PhpStorm 2019.1.2\jre64\bin\java.dll
0x00007ffd0cd10000 - 0x00007ffd0cd26000 	E:\Program Files\JetBrains\PhpStorm 2019.1.2\jre64\bin\zip.dll
0x00007ffd19520000 - 0x00007ffd1aa10000 	C:\Windows\System32\SHELL32.dll
0x00007ffd19470000 - 0x00007ffd19518000 	C:\Windows\System32\shcore.dll
0x00007ffd18970000 - 0x00007ffd190ba000 	C:\Windows\System32\windows.storage.dll
0x00007ffd18130000 - 0x00007ffd18154000 	C:\Windows\System32\profapi.dll
0x00007ffd180d0000 - 0x00007ffd1812d000 	C:\Windows\System32\powrprof.dll
0x00007ffd1ac80000 - 0x00007ffd1acd2000 	C:\Windows\System32\shlwapi.dll
0x00007ffd180b0000 - 0x00007ffd180c1000 	C:\Windows\System32\kernel.appcore.dll
0x00007ffd18210000 - 0x00007ffd18227000 	C:\Windows\System32\cryptsp.dll

VM Arguments:
java_command: org.jetbrains.git4idea.http.GitAskPassApp Username for 'https://github.com': 
java_class_path (initial): E:/Program Files/JetBrains/PhpStorm 2019.1.2/plugins/git4idea/lib/git4idea-rt.jar;E:/Program Files/JetBrains/PhpStorm 2019.1.2/lib/xmlrpc-2.0.1.jar;E:/Program Files/JetBrains/PhpStorm 2019.1.2/lib/commons-codec-1.10.jar;E:/Program Files/JetBrains/PhpStorm 2019.1.2/lib/util.jar
Launcher Type: SUN_STANDARD

Environment Variables:
PATH=E:/Program Files/Git/mingw64/libexec/git-core;E:/Program Files/Git/mingw64/libexec/git-core;E:\Program Files\Git\mingw64\bin;E:\Program Files\Git\usr\bin;C:\Users\yaser\bin;C:\Windows\system32;C:\Windows;C:\Windows\System32\Wbem;C:\Windows\System32\WindowsPowerShell\v1.0\;C:\Windows\System32\OpenSSH\;E:\Program Files\AMD\ATI.ACE\Core-Static;e:\composer;E:\wamp64\bin\mysql\mysql5.7.26\bin;E:\xampp\php;E:\xampp6.3.6\php;E:\Program Files\Git\bin;C:\Users\yaser\AppData\Roaming\npm;E:\Program Files\nodejs\;C:\Users\yaser\AppData\Local\Microsoft\WindowsApps;C:\Users\yaser\AppData\Roaming\Composer\vendor\bin;e:\Program Files\JetBrains\PhpStorm 2019.1.2\bin;C:\Users\yaser\AppData\Roaming\npm
USERNAME=yaser
DISPLAY=:0.0
OS=Windows_NT
PROCESSOR_IDENTIFIER=Intel64 Family 6 Model 42 Stepping 7, GenuineIntel



---------------  S Y S T E M  ---------------

OS: Windows 10.0 , 64 bit Build 17763 (10.0.17763.475)

CPU:total 4 (initial active 4) (2 cores per cpu, 2 threads per core) family 6 model 42 stepping 7, cmov, cx8, fxsr, mmx, sse, sse2, sse3, ssse3, sse4.1, sse4.2, popcnt, avx, clmul, ht, tsc, tscinvbit

Memory: 4k page, physical 6197124k(953428k free), swap 6424452k(4100k free)

vm_info: OpenJDK 64-Bit Server VM (25.202-b49) for windows-amd64 JRE (1.8.0_202-release-1483-b49), built on Apr 10 2019 16:54:32 by "builduser" with MS VC++ 10.0 (VS2010)

time: Wed Sep 04 14:37:41 2019
timezone: «·”⁄ÊœÌ… - «· ÊﬁÌ  «·—”„Ì
elapsed time: 0 seconds (0d 0h 0m 0s)

