#
# There is insufficient memory for the Java Runtime Environment to continue.
# Native memory allocation (malloc) failed to allocate 1048576 bytes for AllocateHeap
# Possible reasons:
#   The system is out of physical RAM or swap space
#   The process is running with CompressedOops enabled, and the Java Heap may be blocking the growth of the native heap
# Possible solutions:
#   Reduce memory load on the system
#   Increase physical memory or swap space
#   Check if swap backing store is full
#   Decrease Java heap size (-Xmx/-Xms)
#   Decrease number of Java threads
#   Decrease Java thread stack sizes (-Xss)
#   Set larger code cache with -XX:ReservedCodeCacheSize=
#   JVM is running with Unscaled Compressed Oops mode in which the Java heap is
#     placed in the first 4GB address space. The Java Heap base address is the
#     maximum limit for the native heap growth. Please use -XX:HeapBaseMinAddress
#     to set the Java Heap base and to place the Java Heap above 4GB virtual address.
# This output file may be truncated or incomplete.
#
#  Out of Memory Error (memory/allocation.inline.hpp:61), pid=5968, tid=0x0000000000000a70
#
# JRE version:  (8.0_202-b49) (build )
# Java VM: OpenJDK 64-Bit Server VM (25.202-b49 mixed mode windows-amd64 compressed oops)
# Failed to write core dump. Minidumps are not enabled by default on client versions of Windows
#

---------------  T H R E A D  ---------------

Current thread (0x000000000284e000):  JavaThread "Unknown thread" [_thread_in_vm, id=2672, stack(0x0000000002710000,0x0000000002810000)]

Stack: [0x0000000002710000,0x0000000002810000]
[error occurred during error reporting (printing stack bounds), id 0xc0000005]

Native frames: (J=compiled Java code, j=interpreted, Vv=VM code, C=native code)


---------------  P R O C E S S  ---------------

Java Threads: ( => current thread )

Other Threads:

=>0x000000000284e000 (exited) JavaThread "Unknown thread" [_thread_in_vm, id=2672, stack(0x0000000002710000,0x0000000002810000)]

VM state:not at safepoint (normal execution)

VM Mutex/Monitor currently owned by a thread: None

heap address: 0x00000000a1600000, size: 1514 MB, Compressed Oops mode: 32-bit
Narrow klass base: 0x0000000000000000, Narrow klass shift: 3
Compressed class space size: 1073741824 Address: 0x0000000100000000

Heap:
 PSYoungGen      total 28672K, used 491K [0x00000000e0780000, 0x00000000e2780000, 0x0000000100000000)
  eden space 24576K, 2% used [0x00000000e0780000,0x00000000e07fae20,0x00000000e1f80000)
  from space 4096K, 0% used [0x00000000e2380000,0x00000000e2380000,0x00000000e2780000)
  to   space 4096K, 0% used [0x00000000e1f80000,0x00000000e1f80000,0x00000000e2380000)
 ParOldGen       total 65536K, used 0K [0x00000000a1600000, 0x00000000a5600000, 0x00000000e0780000)
  object space 65536K, 0% used [0x00000000a1600000,0x00000000a1600000,0x00000000a5600000)
 Metaspace       used 777K, capacity 4480K, committed 4480K, reserved 1056768K
  class space    used 74K, capacity 384K, committed 384K, reserved 1048576K

Card table byte_map: [0x0000000011d10000,0x0000000012010000] byte_map_base: 0x0000000011805000

Marking Bits: (ParMarkBitMap*) 0x0000000051809f30
 Begin Bits: [0x0000000012610000, 0x0000000013db8000)
 End Bits:   [0x0000000013db8000, 0x0000000015560000)

Polling page: 0x00000000009d0000

CodeCache: size=245760Kb used=328Kb max_used=328Kb free=245431Kb
 bounds [0x0000000002950000, 0x0000000002bc0000, 0x0000000011950000]
 total_blobs=57 nmethods=0 adapters=38
 compilation: enabled

Compilation events (0 events):
No events

GC Heap History (0 events):
No events

Deoptimization events (0 events):
No events

Classes redefined (0 events):
No events

Internal exceptions (0 events):
No events

Events (10 events):
Event: 0.047 loading class java/lang/Short
Event: 0.047 loading class java/lang/Short done
Event: 0.047 loading class java/lang/Integer
Event: 0.047 loading class java/lang/Integer done
Event: 0.047 loading class java/lang/Long
Event: 0.047 loading class java/lang/Long done
Event: 0.048 loading class java/lang/NullPointerException
Event: 0.048 loading class java/lang/NullPointerException done
Event: 0.048 loading class java/lang/ArithmeticException
Event: 0.048 loading class java/lang/ArithmeticException done


Dynamic libraries:
0x00007ff6b1580000 - 0x00007ff6b15b1000 	E:\Program Files\JetBrains\PhpStorm 2019.1.2\jre64\bin\java.exe
0x00007ff876790000 - 0x00007ff87697d000 	C:\Windows\SYSTEM32\ntdll.dll
0x00007ff873ea0000 - 0x00007ff873f53000 	C:\Windows\System32\KERNEL32.DLL
0x00007ff873600000 - 0x00007ff873893000 	C:\Windows\System32\KERNELBASE.dll
0x00007ff8760f0000 - 0x00007ff876193000 	C:\Windows\System32\ADVAPI32.dll
0x00007ff875610000 - 0x00007ff8756ae000 	C:\Windows\System32\msvcrt.dll
0x00007ff875e40000 - 0x00007ff875ede000 	C:\Windows\System32\sechost.dll
0x00007ff8756b0000 - 0x00007ff8757d2000 	C:\Windows\System32\RPCRT4.dll
0x00007ff875ca0000 - 0x00007ff875e37000 	C:\Windows\System32\USER32.dll
0x00007ff8729e0000 - 0x00007ff872a00000 	C:\Windows\System32\win32u.dll
0x00007ff875530000 - 0x00007ff875559000 	C:\Windows\System32\GDI32.dll
0x00007ff8733b0000 - 0x00007ff87354a000 	C:\Windows\System32\gdi32full.dll
0x00007ff8738a0000 - 0x00007ff873940000 	C:\Windows\System32\msvcp_win.dll
0x00007ff872830000 - 0x00007ff87292a000 	C:\Windows\System32\ucrtbase.dll
0x00007ff85f470000 - 0x00007ff85f6e9000 	C:\Windows\WinSxS\amd64_microsoft.windows.common-controls_6595b64144ccf1df_6.0.17763.557_none_05b63f68071e5b9f\COMCTL32.dll
0x00007ff876400000 - 0x00007ff87672c000 	C:\Windows\System32\combase.dll
0x00007ff873550000 - 0x00007ff8735ce000 	C:\Windows\System32\bcryptPrimitives.dll
0x00007ff8755e0000 - 0x00007ff87560e000 	C:\Windows\System32\IMM32.DLL
0x0000000051b90000 - 0x0000000051c62000 	E:\Program Files\JetBrains\PhpStorm 2019.1.2\jre64\bin\msvcr100.dll
0x0000000051040000 - 0x0000000051886000 	E:\Program Files\JetBrains\PhpStorm 2019.1.2\jre64\bin\server\jvm.dll
0x00007ff873f60000 - 0x00007ff873f68000 	C:\Windows\System32\PSAPI.DLL
0x00007ff8709f0000 - 0x00007ff870a14000 	C:\Windows\SYSTEM32\WINMM.dll
0x00007ff86db10000 - 0x00007ff86db1a000 	C:\Windows\SYSTEM32\VERSION.dll
0x00007ff869e70000 - 0x00007ff869e79000 	C:\Windows\SYSTEM32\WSOCK32.dll
0x00007ff875ee0000 - 0x00007ff875f4d000 	C:\Windows\System32\WS2_32.dll
0x00007ff8709c0000 - 0x00007ff8709ed000 	C:\Windows\SYSTEM32\WINMMBASE.dll
0x00007ff873940000 - 0x00007ff87398a000 	C:\Windows\System32\cfgmgr32.dll
0x00007ff869d70000 - 0x00007ff869d7f000 	E:\Program Files\JetBrains\PhpStorm 2019.1.2\jre64\bin\verify.dll
0x00007ff869d40000 - 0x00007ff869d69000 	E:\Program Files\JetBrains\PhpStorm 2019.1.2\jre64\bin\java.dll
0x00007ff869d20000 - 0x00007ff869d36000 	E:\Program Files\JetBrains\PhpStorm 2019.1.2\jre64\bin\zip.dll

VM Arguments:
java_command: org.jetbrains.git4idea.http.GitAskPassApp Username for 'https://github.com': 
java_class_path (initial): E:/Program Files/JetBrains/PhpStorm 2019.1.2/plugins/git4idea/lib/git4idea-rt.jar;E:/Program Files/JetBrains/PhpStorm 2019.1.2/lib/xmlrpc-2.0.1.jar;E:/Program Files/JetBrains/PhpStorm 2019.1.2/lib/commons-codec-1.10.jar;E:/Program Files/JetBrains/PhpStorm 2019.1.2/lib/util.jar
Launcher Type: SUN_STANDARD

Environment Variables:
PATH=E:/Program Files/Git/mingw64/libexec/git-core;E:/Program Files/Git/mingw64/libexec/git-core;E:\Program Files\Git\mingw64\bin;E:\Program Files\Git\usr\bin;C:\Users\yaser\bin;C:\Windows\system32;C:\Windows;C:\Windows\System32\Wbem;C:\Windows\System32\WindowsPowerShell\v1.0\;C:\Windows\System32\OpenSSH\;E:\Program Files\AMD\ATI.ACE\Core-Static;e:\composer;E:\wamp64\bin\mysql\mysql5.7.26\bin;E:\xampp\php;E:\xampp6.3.6\php;E:\Program Files\Git\bin;C:\Users\yaser\AppData\Roaming\npm;E:\Program Files\nodejs\;E:\Users\yaser\AppData\Local\Programs\Python\Python37\Scripts\;E:\Users\yaser\AppData\Local\Programs\Python\Python37\;C:\Users\yaser\AppData\Local\Microsoft\WindowsApps;C:\Users\yaser\AppData\Roaming\Composer\vendor\bin;e:\Program Files\JetBrains\PhpStorm 2019.1.2\bin;C:\Users\yaser\AppData\Roaming\npm
USERNAME=yaser
DISPLAY=:0.0
OS=Windows_NT
PROCESSOR_IDENTIFIER=Intel64 Family 6 Model 42 Stepping 7, GenuineIntel



---------------  S Y S T E M  ---------------

OS: Windows 10.0 , 64 bit Build 17763 (10.0.17763.475)

CPU:total 4 (initial active 4) (2 cores per cpu, 2 threads per core) family 6 model 42 stepping 7, cmov, cx8, fxsr, mmx, sse, sse2, sse3, ssse3, sse4.1, sse4.2, popcnt, avx, clmul, ht, tsc, tscinvbit

Memory: 4k page, physical 6197124k(1259676k free), swap 6424452k(7160k free)

vm_info: OpenJDK 64-Bit Server VM (25.202-b49) for windows-amd64 JRE (1.8.0_202-release-1483-b49), built on Apr 10 2019 16:54:32 by "builduser" with MS VC++ 10.0 (VS2010)

time: Mon Oct 14 09:12:42 2019
timezone: «·”⁄ÊœÌ… - «· ÊﬁÌ  «·—”„Ì
elapsed time: 0 seconds (0d 0h 0m 0s)

