#
# There is insufficient memory for the Java Runtime Environment to continue.
# Native memory allocation (malloc) failed to allocate 1048576 bytes for AllocateHeap
# Possible reasons:
#   The system is out of physical RAM or swap space
#   The process is running with CompressedOops enabled, and the Java Heap may be blocking the growth of the native heap
# Possible solutions:
#   Reduce memory load on the system
#   Increase physical memory or swap space
#   Check if swap backing store is full
#   Decrease Java heap size (-Xmx/-Xms)
#   Decrease number of Java threads
#   Decrease Java thread stack sizes (-Xss)
#   Set larger code cache with -XX:ReservedCodeCacheSize=
#   JVM is running with Unscaled Compressed Oops mode in which the Java heap is
#     placed in the first 4GB address space. The Java Heap base address is the
#     maximum limit for the native heap growth. Please use -XX:HeapBaseMinAddress
#     to set the Java Heap base and to place the Java Heap above 4GB virtual address.
# This output file may be truncated or incomplete.
#
#  Out of Memory Error (memory/allocation.inline.hpp:61), pid=4872, tid=0x00000000000002c0
#
# JRE version:  (8.0_202-b49) (build )
# Java VM: OpenJDK 64-Bit Server VM (25.202-b49 mixed mode windows-amd64 compressed oops)
# Failed to write core dump. Minidumps are not enabled by default on client versions of Windows
#

---------------  T H R E A D  ---------------

Current thread (0x000000000233e000):  JavaThread "Unknown thread" [_thread_in_vm, id=704, stack(0x00000000021f0000,0x00000000022f0000)]

Stack: [0x00000000021f0000,0x00000000022f0000]
[error occurred during error reporting (printing stack bounds), id 0xc0000005]

Native frames: (J=compiled Java code, j=interpreted, Vv=VM code, C=native code)


---------------  P R O C E S S  ---------------

Java Threads: ( => current thread )

Other Threads:

=>0x000000000233e000 (exited) JavaThread "Unknown thread" [_thread_in_vm, id=704, stack(0x00000000021f0000,0x00000000022f0000)]

VM state:not at safepoint (normal execution)

VM Mutex/Monitor currently owned by a thread: None

heap address: 0x00000000a1600000, size: 1514 MB, Compressed Oops mode: 32-bit
Narrow klass base: 0x0000000000000000, Narrow klass shift: 3
Compressed class space size: 1073741824 Address: 0x0000000100000000

Heap:
 PSYoungGen      total 28672K, used 491K [0x00000000e0780000, 0x00000000e2780000, 0x0000000100000000)
  eden space 24576K, 2% used [0x00000000e0780000,0x00000000e07fae20,0x00000000e1f80000)
  from space 4096K, 0% used [0x00000000e2380000,0x00000000e2380000,0x00000000e2780000)
  to   space 4096K, 0% used [0x00000000e1f80000,0x00000000e1f80000,0x00000000e2380000)
 ParOldGen       total 65536K, used 0K [0x00000000a1600000, 0x00000000a5600000, 0x00000000e0780000)
  object space 65536K, 0% used [0x00000000a1600000,0x00000000a1600000,0x00000000a5600000)
 Metaspace       used 777K, capacity 4480K, committed 4480K, reserved 1056768K
  class space    used 74K, capacity 384K, committed 384K, reserved 1048576K

Card table byte_map: [0x0000000011800000,0x0000000011b00000] byte_map_base: 0x00000000112f5000

Marking Bits: (ParMarkBitMap*) 0x0000000054999f30
 Begin Bits: [0x0000000012100000, 0x00000000138a8000)
 End Bits:   [0x00000000138a8000, 0x0000000015050000)

Polling page: 0x0000000000940000

CodeCache: size=245760Kb used=328Kb max_used=328Kb free=245431Kb
 bounds [0x0000000002440000, 0x00000000026b0000, 0x0000000011440000]
 total_blobs=57 nmethods=0 adapters=38
 compilation: enabled

Compilation events (0 events):
No events

GC Heap History (0 events):
No events

Deoptimization events (0 events):
No events

Classes redefined (0 events):
No events

Internal exceptions (0 events):
No events

Events (10 events):
Event: 0.026 loading class java/lang/Short
Event: 0.027 loading class java/lang/Short done
Event: 0.027 loading class java/lang/Integer
Event: 0.027 loading class java/lang/Integer done
Event: 0.027 loading class java/lang/Long
Event: 0.027 loading class java/lang/Long done
Event: 0.028 loading class java/lang/NullPointerException
Event: 0.028 loading class java/lang/NullPointerException done
Event: 0.028 loading class java/lang/ArithmeticException
Event: 0.028 loading class java/lang/ArithmeticException done


Dynamic libraries:
0x00007ff7d1560000 - 0x00007ff7d1591000 	E:\Program Files\JetBrains\PhpStorm 2019.1.2\jre64\bin\java.exe
0x00007ffc6fdc0000 - 0x00007ffc6ffad000 	C:\Windows\SYSTEM32\ntdll.dll
0x00007ffc6e130000 - 0x00007ffc6e1e3000 	C:\Windows\System32\KERNEL32.DLL
0x00007ffc6c010000 - 0x00007ffc6c2a3000 	C:\Windows\System32\KERNELBASE.dll
0x00007ffc6d180000 - 0x00007ffc6d223000 	C:\Windows\System32\ADVAPI32.dll
0x00007ffc6dc40000 - 0x00007ffc6dcde000 	C:\Windows\System32\msvcrt.dll
0x00007ffc6cfc0000 - 0x00007ffc6d05e000 	C:\Windows\System32\sechost.dll
0x00007ffc6f6e0000 - 0x00007ffc6f802000 	C:\Windows\System32\RPCRT4.dll
0x00007ffc6d230000 - 0x00007ffc6d3c7000 	C:\Windows\System32\USER32.dll
0x00007ffc6bff0000 - 0x00007ffc6c010000 	C:\Windows\System32\win32u.dll
0x00007ffc6d150000 - 0x00007ffc6d179000 	C:\Windows\System32\GDI32.dll
0x00007ffc6c2b0000 - 0x00007ffc6c44a000 	C:\Windows\System32\gdi32full.dll
0x00007ffc6c480000 - 0x00007ffc6c520000 	C:\Windows\System32\msvcp_win.dll
0x00007ffc6ce70000 - 0x00007ffc6cf6a000 	C:\Windows\System32\ucrtbase.dll
0x00007ffc58f10000 - 0x00007ffc59189000 	C:\Windows\WinSxS\amd64_microsoft.windows.common-controls_6595b64144ccf1df_6.0.17763.557_none_05b63f68071e5b9f\COMCTL32.dll
0x00007ffc6d6c0000 - 0x00007ffc6d9ec000 	C:\Windows\System32\combase.dll
0x00007ffc6bf70000 - 0x00007ffc6bfee000 	C:\Windows\System32\bcryptPrimitives.dll
0x00007ffc6dd00000 - 0x00007ffc6dd2e000 	C:\Windows\System32\IMM32.DLL
0x0000000054db0000 - 0x0000000054e82000 	E:\Program Files\JetBrains\PhpStorm 2019.1.2\jre64\bin\msvcr100.dll
0x00000000541d0000 - 0x0000000054a16000 	E:\Program Files\JetBrains\PhpStorm 2019.1.2\jre64\bin\server\jvm.dll
0x00007ffc6d060000 - 0x00007ffc6d068000 	C:\Windows\System32\PSAPI.DLL
0x00007ffc60ea0000 - 0x00007ffc60ea9000 	C:\Windows\SYSTEM32\WSOCK32.dll
0x00007ffc68c30000 - 0x00007ffc68c54000 	C:\Windows\SYSTEM32\WINMM.dll
0x00007ffc67120000 - 0x00007ffc6712a000 	C:\Windows\SYSTEM32\VERSION.dll
0x00007ffc6ddb0000 - 0x00007ffc6de1d000 	C:\Windows\System32\WS2_32.dll
0x00007ffc68c00000 - 0x00007ffc68c2d000 	C:\Windows\SYSTEM32\winmmbase.dll
0x00007ffc6cf70000 - 0x00007ffc6cfba000 	C:\Windows\System32\cfgmgr32.dll
0x00007ffc60e90000 - 0x00007ffc60e9f000 	E:\Program Files\JetBrains\PhpStorm 2019.1.2\jre64\bin\verify.dll
0x00007ffc60e60000 - 0x00007ffc60e89000 	E:\Program Files\JetBrains\PhpStorm 2019.1.2\jre64\bin\java.dll
0x00007ffc60e40000 - 0x00007ffc60e56000 	E:\Program Files\JetBrains\PhpStorm 2019.1.2\jre64\bin\zip.dll

VM Arguments:
java_command: org.jetbrains.git4idea.http.GitAskPassApp Username for 'https://github.com': 
java_class_path (initial): E:/Program Files/JetBrains/PhpStorm 2019.1.2/plugins/git4idea/lib/git4idea-rt.jar;E:/Program Files/JetBrains/PhpStorm 2019.1.2/lib/xmlrpc-2.0.1.jar;E:/Program Files/JetBrains/PhpStorm 2019.1.2/lib/commons-codec-1.10.jar;E:/Program Files/JetBrains/PhpStorm 2019.1.2/lib/util.jar
Launcher Type: SUN_STANDARD

Environment Variables:
PATH=E:/Program Files/Git/mingw64/libexec/git-core;E:/Program Files/Git/mingw64/libexec/git-core;E:\Program Files\Git\mingw64\bin;E:\Program Files\Git\usr\bin;C:\Users\yaser\bin;C:\Windows\system32;C:\Windows;C:\Windows\System32\Wbem;C:\Windows\System32\WindowsPowerShell\v1.0\;C:\Windows\System32\OpenSSH\;E:\Program Files\AMD\ATI.ACE\Core-Static;e:\composer;E:\wamp64\bin\mysql\mysql5.7.26\bin;E:\xampp\php;E:\xampp6.3.6\php;E:\Program Files\Git\bin;C:\Users\yaser\AppData\Roaming\npm;E:\Program Files\nodejs\;C:\Users\yaser\AppData\Local\Microsoft\WindowsApps;C:\Users\yaser\AppData\Roaming\Composer\vendor\bin;e:\Program Files\JetBrains\PhpStorm 2019.1.2\bin;C:\Users\yaser\AppData\Roaming\npm
USERNAME=yaser
DISPLAY=:0.0
OS=Windows_NT
PROCESSOR_IDENTIFIER=Intel64 Family 6 Model 42 Stepping 7, GenuineIntel



---------------  S Y S T E M  ---------------

OS: Windows 10.0 , 64 bit Build 17763 (10.0.17763.475)

CPU:total 4 (initial active 4) (2 cores per cpu, 2 threads per core) family 6 model 42 stepping 7, cmov, cx8, fxsr, mmx, sse, sse2, sse3, ssse3, sse4.1, sse4.2, popcnt, avx, clmul, ht, tsc, tscinvbit

Memory: 4k page, physical 6197124k(1462164k free), swap 6424452k(5416k free)

vm_info: OpenJDK 64-Bit Server VM (25.202-b49) for windows-amd64 JRE (1.8.0_202-release-1483-b49), built on Apr 10 2019 16:54:32 by "builduser" with MS VC++ 10.0 (VS2010)

time: Wed Aug 28 18:33:29 2019
timezone: «·”⁄ÊœÌ… - «· ÊﬁÌ  «·—”„Ì
elapsed time: 0 seconds (0d 0h 0m 0s)

